============================= test session starts =============================
platform win32 -- Python 3.14.7, pytest-9.1.1, pluggy-1.6.0 -- C:\Program Files\Python\python.exe
cachedir: .pytest_cache
rootdir: D:\proyectos\worktrees\09-confianza-y-enrutamiento-hitl
configfile: pytest.ini
plugins: anyio-4.14.2
collecting ... collected 23 items

backend/tests/test_confidence_routing.py::TestExtractionScore::test_zone_regex PASSED [  4%]
backend/tests/test_confidence_routing.py::TestExtractionScore::test_fulltext_regex PASSED [  8%]
backend/tests/test_confidence_routing.py::TestExtractionScore::test_anchor_only PASSED [ 13%]
backend/tests/test_confidence_routing.py::TestExtractionScore::test_generic PASSED [ 17%]
backend/tests/test_confidence_routing.py::TestExtractionScore::test_none PASSED [ 21%]
backend/tests/test_confidence_routing.py::TestExtractionScore::test_unknown_path PASSED [ 26%]
backend/tests/test_confidence_routing.py::TestConfidenceDecision::test_auto_accepted_high_confidence PASSED [ 30%]
backend/tests/test_confidence_routing.py::TestConfidenceDecision::test_needs_review_medium_confidence PASSED [ 34%]
backend/tests/test_confidence_routing.py::TestConfidenceDecision::test_needs_review_low_confidence PASSED [ 39%]
backend/tests/test_confidence_routing.py::TestConfidenceDecision::test_blocked_sensitive_field_validation_fail PASSED [ 43%]
backend/tests/test_confidence_routing.py::TestConfidenceDecision::test_blocked_block_on_fail_true PASSED [ 47%]
backend/tests/test_confidence_routing.py::TestConfidenceDecision::test_rejected_not_sensitive_block_on_fail_false PASSED [ 52%]
backend/tests/test_confidence_routing.py::TestConfidenceDecision::test_final_score_calculation PASSED [ 56%]
backend/tests/test_confidence_routing.py::TestConfidenceDecision::test_thresholds_in_detail PASSED [ 60%]
backend/tests/test_confidence_routing.py::TestConfidenceDecision::test_sensitive_flag_in_detail PASSED [ 65%]
backend/tests/test_confidence_routing.py::TestConfidenceDecision::test_block_on_validation_fail_flag_in_detail PASSED [ 69%]
backend/tests/test_confidence_routing.py::TestServicesConfigConfidence::test_get_field_confidence_config_defaults PASSED [ 73%]
backend/tests/test_confidence_routing.py::TestServicesConfigConfidence::test_get_field_confidence_config_custom PASSED [ 78%]
backend/tests/test_confidence_routing.py::TestServicesConfigConfidence::test_validate_auto_accept_greater_than_needs_review PASSED [ 82%]
backend/tests/test_confidence_routing.py::TestServicesConfigConfidence::test_validate_confidence_range PASSED [ 86%]
backend/tests/test_confidence_routing.py::TestServicesConfigConfidence::test_validate_sensitive_values PASSED [ 91%]
backend/tests/test_confidence_routing.py::TestServicesConfigConfidence::test_validate_block_on_validation_fail_values PASSED [ 95%]
backend/tests/test_confidence_routing.py::TestServicesConfigConfidence::test_validate_only_one_threshold_declared_uses_default_for_other PASSED [100%]

============================= 23 passed in 2.62s ==============================
